
Showing logs for build [32mexplore-jenkinsx-environment-jx-75q92-1[0m stage [32mfrom-build-pack[0m and container [32mstep-credential-initializer-q7bpc[0m
{"level":"warn","ts":1573705523.0135357,"logger":"fallback-logger","caller":"logging/config.go:69","msg":"Fetch GitHub commit ID from kodata failed: \"ref: refs/heads/master\" is not a valid GitHub commit ID"}
{"level":"info","ts":1573705523.0146124,"logger":"fallback-logger","caller":"creds-init/main.go:40","msg":"Credentials initialized."}

Showing logs for build [32mexplore-jenkinsx-environment-jx-75q92-1[0m stage [32mfrom-build-pack[0m and container [32mstep-working-dir-initializer-rxtcm[0m
{"level":"warn","ts":1573705524.033704,"logger":"fallback-logger","caller":"logging/config.go:69","msg":"Fetch GitHub commit ID from kodata failed: open /var/run/ko/HEAD: no such file or directory"}
{"level":"info","ts":1573705524.0371578,"logger":"fallback-logger","caller":"bash/main.go:65","msg":"Successfully executed command \"mkdir -p /workspace/source\""}

Showing logs for build [32mexplore-jenkinsx-environment-jx-75q92-1[0m stage [32mfrom-build-pack[0m and container [32mstep-place-tools[0m

Showing logs for build [32mexplore-jenkinsx-environment-jx-75q92-1[0m stage [32mfrom-build-pack[0m and container [32mstep-git-source-explore-jenkinsx-environment-jx-nckct[0m
{"level":"warn","ts":1573705529.1177392,"logger":"fallback-logger","caller":"logging/config.go:69","msg":"Fetch GitHub commit ID from kodata failed: \"ref: refs/heads/master\" is not a valid GitHub commit ID"}
{"level":"info","ts":1573705529.3699546,"logger":"fallback-logger","caller":"git/git.go:102","msg":"Successfully cloned https://github.com/explore-jenkinsx/environment-jx-***-production.git @ master in path /workspace/source"}

Showing logs for build [32mexplore-jenkinsx-environment-jx-75q92-1[0m stage [32mfrom-build-pack[0m and container [32mstep-git-merge[0m
Using SHAs from PULL_REFS=master:ffe30a29f4961912de51fd39f4235ab7348baff8,1:69a071d7bfc5adff1b819910551bbfe8ba4cf766
DEBUG: ran git fetch --unshallow origin 69a071d7bfc5adff1b819910551bbfe8ba4cf766: ffe30a29f4961912de51fd39f4235ab7348baff8: in 
DEBUG: ran git checkout master in 
DEBUG: ran git reset --hard ffe30a29f4961912de51fd39f4235ab7348baff8 in 
DEBUG: ran clean --force -d . in 
DEBUG: ran git merge 69a071d7bfc5adff1b819910551bbfe8ba4cf766 in 
Merged SHA 69a071d7bfc5adff1b819910551bbfe8ba4cf766 with commit message 'chore: Promote go-qs1 to version 0.0.3' into base branch master

Showing logs for build [32mexplore-jenkinsx-environment-jx-75q92-1[0m stage [32mfrom-build-pack[0m and container [32mstep-build-helm-build[0m
WARNING: No $CHART_REPOSITORY defined so using the default value of: http://jenkins-x-chartmuseum:8080
Adding missing Helm repo: storage.googleapis.com https://storage.googleapis.com/chartmuseum.jenkins-x.io
Successfully added Helm repository storage.googleapis.com.
Adding missing Helm repo: jenkins-x-chartmuseum http://jenkins-x-chartmuseum:8080
Successfully added Helm repository jenkins-x-chartmuseum.
WARNING: No $CHART_REPOSITORY defined so using the default value of: http://jenkins-x-chartmuseum:8080
Adding missing Helm repo: chartmuseum.jenkins-x.io http://chartmuseum.jenkins-x.io
Successfully added Helm repository chartmuseum.jenkins-x.io.
